19:51:34 27/07/2024 - info: Connected to Discord
19:51:40 27/07/2024 - info: Connected to Discord
19:51:44 27/07/2024 - info: Connected to Discord
19:51:54 27/07/2024 - info: Role Player not found in the guild
19:51:54 27/07/2024 - info: Role Drs Gaming not found in the guild
19:51:54 27/07/2024 - info: User rangotengo verified successfully
19:54:15 27/07/2024 - info: Client already connected
19:54:15 27/07/2024 - info: Client already connected
19:54:16 27/07/2024 - info: Client already connected
19:54:16 27/07/2024 - info: Client already connected
19:54:34 27/07/2024 - info: Client already connected
19:55:36 27/07/2024 - info: Role Player not found in the guild
19:55:36 27/07/2024 - info: Role Drs Gaming not found in the guild
19:55:36 27/07/2024 - info: User rangotengo verified successfully
19:56:13 27/07/2024 - info: Role Player not found in the guild
19:56:13 27/07/2024 - info: User rangotengo verified successfully
19:56:14 27/07/2024 - info: Role DRS Gaming added to rangotengo
19:56:38 27/07/2024 - info: Connected to Discord
19:58:22 27/07/2024 - info: Connected to Discord
19:58:24 27/07/2024 - info: Connected to Discord
19:59:00 27/07/2024 - info: Connected to Discord
19:59:05 27/07/2024 - info: Connected to Discord
19:59:08 27/07/2024 - info: Connected to Discord
19:59:12 27/07/2024 - info: Connected to Discord
19:59:16 27/07/2024 - info: Connected to Discord
19:59:24 27/07/2024 - info: Connected to Discord
19:59:25 27/07/2024 - info: Role Player not found in the guild
19:59:25 27/07/2024 - info: User rangotengo verified successfully
19:59:26 27/07/2024 - info: Role DRS Gaming added to rangotengo
20:00:10 27/07/2024 - info: Connected to Discord
20:00:15 27/07/2024 - info: Connected to Discord
20:00:53 27/07/2024 - info: Connected to Discord
20:01:06 27/07/2024 - info: Connected to Discord
20:01:11 27/07/2024 - info: Connected to Discord
20:01:17 27/07/2024 - info: Connected to Discord
20:02:57 27/07/2024 - info: Role Player not found in the guild
20:02:57 27/07/2024 - info: User rangotengo verified successfully
20:02:58 27/07/2024 - info: Role DRS Gaming added to rangotengo
20:03:45 27/07/2024 - info: Connected to Discord
20:03:53 27/07/2024 - info: Connected to Discord
20:04:08 27/07/2024 - info: Connected to Discord
20:04:18 27/07/2024 - info: Connected to Discord
20:04:28 27/07/2024 - info: Connected to Discord
20:04:33 27/07/2024 - info: Connected to Discord
20:04:58 27/07/2024 - info: Connected to Discord
20:05:11 27/07/2024 - info: Connected to Discord
20:05:18 27/07/2024 - info: Connected to Discord
20:06:01 27/07/2024 - info: Connected to Discord
20:06:39 27/07/2024 - info: Connected to Discord
20:06:51 27/07/2024 - info: Connected to Discord
20:06:54 27/07/2024 - info: Connected to Discord
20:07:01 27/07/2024 - info: Connected to Discord
20:07:03 27/07/2024 - info: Connected to Discord
20:07:19 27/07/2024 - info: Connected to Discord
20:07:22 27/07/2024 - info: Connected to Discord
20:07:25 27/07/2024 - info: Connected to Discord
20:07:32 27/07/2024 - info: Connected to Discord
20:08:23 27/07/2024 - info: Connected to Discord
20:13:32 27/07/2024 - info: Connected to Discord
20:13:35 27/07/2024 - info: Connected to Discord
20:13:46 27/07/2024 - info: Connected to Discord
20:13:59 27/07/2024 - info: Connected to Discord
20:14:31 27/07/2024 - info: New member joined: rangotengo
20:14:32 27/07/2024 - info: Ticket Channel Created
20:19:16 27/07/2024 - info: Connected to Discord
20:19:19 27/07/2024 - info: Connected to Discord
20:19:25 27/07/2024 - info: Connected to Discord
20:20:13 27/07/2024 - info: Connected to Discord
20:20:16 27/07/2024 - info: Connected to Discord
20:20:26 27/07/2024 - info: New member joined: rangotengo
20:20:27 27/07/2024 - info: Ticket Channel Created
20:20:46 27/07/2024 - info: Connected to Discord
20:20:55 27/07/2024 - info: Connected to Discord
20:21:00 27/07/2024 - info: Connected to Discord
20:21:06 27/07/2024 - info: Connected to Discord
20:21:13 27/07/2024 - info: Connected to Discord
20:22:13 27/07/2024 - info: Connected to Discord
20:22:21 27/07/2024 - info: Connected to Discord
20:22:33 27/07/2024 - info: New member joined: rangotengo
20:22:34 27/07/2024 - info: Ticket Channel Created
20:22:53 27/07/2024 - info: Connected to Discord
20:23:00 27/07/2024 - info: Connected to Discord
20:23:10 27/07/2024 - info: New member joined: rangotengo
20:23:11 27/07/2024 - info: Role Player not found in the guild
20:23:11 27/07/2024 - info: Role DRS Gaming added to rangotengo
20:23:36 27/07/2024 - info: Connected to Discord
20:48:12 27/07/2024 - info: Connected to Discord
20:48:17 27/07/2024 - info: Connected to Discord
20:48:23 27/07/2024 - info: Connected to Discord
20:48:28 27/07/2024 - info: Connected to Discord
20:48:34 27/07/2024 - info: Connected to Discord
20:48:44 27/07/2024 - info: Connected to Discord
20:48:46 27/07/2024 - info: Connected to Discord
20:49:30 27/07/2024 - info: Connected to Discord
20:58:43 27/07/2024 - info: Connected to Discord
20:58:54 27/07/2024 - info: Connected to Discord
20:58:57 27/07/2024 - info: Connected to Discord
20:59:09 27/07/2024 - info: Connected to Discord
20:59:14 27/07/2024 - info: Connected to Discord
20:59:25 27/07/2024 - info: Connected to Discord
20:59:30 27/07/2024 - info: Connected to Discord
20:59:37 27/07/2024 - info: Connected to Discord
20:59:53 27/07/2024 - info: Connected to Discord
21:00:03 27/07/2024 - info: Connected to Discord
21:00:08 27/07/2024 - info: Connected to Discord
21:00:10 27/07/2024 - info: Connected to Discord
21:00:17 27/07/2024 - info: Connected to Discord
21:00:20 27/07/2024 - info: Connected to Discord
21:00:37 27/07/2024 - info: Connected to Discord
21:00:43 27/07/2024 - info: Connected to Discord
21:00:48 27/07/2024 - info: Connected to Discord
21:00:53 27/07/2024 - info: Connected to Discord
21:00:57 27/07/2024 - info: Connected to Discord
21:01:21 27/07/2024 - info: Connected to Discord
21:01:25 27/07/2024 - info: Connected to Discord
21:01:30 27/07/2024 - info: Connected to Discord
21:01:36 27/07/2024 - info: Connected to Discord
21:01:59 27/07/2024 - info: Connected to Discord
21:02:23 27/07/2024 - info: Connected to Discord
21:02:28 27/07/2024 - info: Connected to Discord
21:02:33 27/07/2024 - info: Connected to Discord
21:03:11 27/07/2024 - info: Connected to Discord
21:03:14 27/07/2024 - info: Connected to Discord
21:03:17 27/07/2024 - info: Connected to Discord
21:03:31 27/07/2024 - info: Connected to Discord
21:03:36 27/07/2024 - info: Connected to Discord
21:03:52 27/07/2024 - info: Connected to Discord
21:03:57 27/07/2024 - info: Connected to Discord
21:03:59 27/07/2024 - info: Connected to Discord
21:04:05 27/07/2024 - info: Connected to Discord
21:06:13 27/07/2024 - info: Connected to Discord
21:06:39 27/07/2024 - info: Connected to Discord
21:06:48 27/07/2024 - info: Connected to Discord
21:07:26 27/07/2024 - info: Connected to Discord
21:07:30 27/07/2024 - info: Connected to Discord
21:07:43 27/07/2024 - info: Connected to Discord
21:07:54 27/07/2024 - info: Client already connected
21:07:55 27/07/2024 - info: Client already connected
21:08:06 27/07/2024 - info: New member joined: rangotengo
21:08:07 27/07/2024 - info: Guild not found
21:13:41 27/07/2024 - info: Connected to Discord
21:14:22 27/07/2024 - info: Connected to Discord
21:14:44 27/07/2024 - info: Connected to Discord
21:15:11 27/07/2024 - info: Connected to Discord
21:15:35 27/07/2024 - info: Connected to Discord
21:15:37 27/07/2024 - info: Connected to Discord
21:15:56 27/07/2024 - info: Connected to Discord
21:16:01 27/07/2024 - info: Connected to Discord
21:16:20 27/07/2024 - info: Connected to Discord
21:16:36 27/07/2024 - info: Connected to Discord
21:16:38 27/07/2024 - info: Connected to Discord
21:16:59 27/07/2024 - info: Connected to Discord
21:17:04 27/07/2024 - info: Connected to Discord
22:50:41 27/07/2024 - info: Connected to Discord
22:50:57 27/07/2024 - info: Connected to Discord
22:51:04 27/07/2024 - info: Connected to Discord
22:51:10 27/07/2024 - info: Connected to Discord
22:51:17 27/07/2024 - info: Connected to Discord
22:51:21 27/07/2024 - info: Connected to Discord
22:51:27 27/07/2024 - info: Connected to Discord
22:51:29 27/07/2024 - info: Connected to Discord
22:51:34 27/07/2024 - info: Connected to Discord
22:51:40 27/07/2024 - info: Connected to Discord
22:51:46 27/07/2024 - info: Connected to Discord
22:51:49 27/07/2024 - info: Connected to Discord
22:51:58 27/07/2024 - info: Connected to Discord
22:52:09 27/07/2024 - info: Connected to Discord
22:52:14 27/07/2024 - info: Connected to Discord
22:52:32 27/07/2024 - info: Connected to Discord
22:52:43 27/07/2024 - info: Connected to Discord
22:52:46 27/07/2024 - info: Connected to Discord
22:53:02 27/07/2024 - info: Connected to Discord
22:53:07 27/07/2024 - info: Connected to Discord
22:53:17 27/07/2024 - info: Connected to Discord
22:53:35 27/07/2024 - info: Connected to Discord
22:53:39 27/07/2024 - info: Connected to Discord
22:53:48 27/07/2024 - info: Connected to Discord
22:55:16 27/07/2024 - info: Connected to Discord
22:55:23 27/07/2024 - info: Connected to Discord
22:55:28 27/07/2024 - info: Connected to Discord
22:55:36 27/07/2024 - info: Connected to Discord
22:55:39 27/07/2024 - info: Connected to Discord
22:55:46 27/07/2024 - info: Connected to Discord
22:55:49 27/07/2024 - info: Connected to Discord
22:55:59 27/07/2024 - info: Connected to Discord
22:56:04 27/07/2024 - info: Connected to Discord
22:56:14 27/07/2024 - info: Connected to Discord
22:56:25 27/07/2024 - info: Connected to Discord
22:56:29 27/07/2024 - info: Connected to Discord
22:56:38 27/07/2024 - info: Connected to Discord
22:56:43 27/07/2024 - info: Connected to Discord
22:57:48 27/07/2024 - info: Client already connected
22:57:48 27/07/2024 - info: Client already connected
23:00:53 27/07/2024 - info: Client already connected
23:00:53 27/07/2024 - info: Client already connected
23:02:40 27/07/2024 - info: Client already connected
23:02:40 27/07/2024 - info: Client already connected
23:02:58 27/07/2024 - error: Failed to connect to Discord Used disallowed intents
23:03:01 27/07/2024 - error: Failed to connect to Discord Used disallowed intents
23:03:39 27/07/2024 - info: Connected to Discord
23:03:45 27/07/2024 - info: Client already connected
23:03:45 27/07/2024 - info: Client already connected
06:24:05 28/07/2024 - info: Client already connected
06:24:05 28/07/2024 - info: Client already connected
07:37:08 28/07/2024 - info: Connected to Discord
07:37:10 28/07/2024 - info: Connected to Discord
07:37:29 28/07/2024 - info: Connected to Discord
07:37:38 28/07/2024 - info: Connected to Discord
07:37:40 28/07/2024 - info: Connected to Discord
07:40:07 28/07/2024 - info: Connected to Discord
07:40:21 28/07/2024 - info: Connected to Discord
07:40:24 28/07/2024 - info: Connected to Discord
07:41:11 28/07/2024 - info: Connected to Discord
07:41:20 28/07/2024 - info: Connected to Discord
07:41:25 28/07/2024 - info: Connected to Discord
07:41:27 28/07/2024 - info: Connected to Discord
07:41:43 28/07/2024 - info: Connected to Discord
07:41:50 28/07/2024 - info: Connected to Discord
07:41:56 28/07/2024 - info: Connected to Discord
07:42:01 28/07/2024 - info: Connected to Discord
07:42:07 28/07/2024 - info: Connected to Discord
07:42:29 28/07/2024 - info: Connected to Discord
07:42:41 28/07/2024 - info: Connected to Discord
07:42:47 28/07/2024 - info: Connected to Discord
07:42:54 28/07/2024 - info: Connected to Discord
07:43:06 28/07/2024 - info: Connected to Discord
07:43:16 28/07/2024 - info: Connected to Discord
07:43:22 28/07/2024 - info: Connected to Discord
07:43:33 28/07/2024 - info: Connected to Discord
07:43:49 28/07/2024 - info: Connected to Discord
07:44:02 28/07/2024 - info: Connected to Discord
07:44:07 28/07/2024 - info: Connected to Discord
07:44:47 28/07/2024 - info: Connected to Discord
07:46:00 28/07/2024 - info: Connected to Discord
07:46:23 28/07/2024 - info: Connected to Discord
07:46:28 28/07/2024 - info: Connected to Discord
07:46:31 28/07/2024 - info: Connected to Discord
07:46:36 28/07/2024 - info: Connected to Discord
07:46:40 28/07/2024 - info: Connected to Discord
07:46:46 28/07/2024 - info: Connected to Discord
07:46:50 28/07/2024 - info: Connected to Discord
07:47:01 28/07/2024 - info: Connected to Discord
07:47:09 28/07/2024 - info: Connected to Discord
07:47:12 28/07/2024 - info: Connected to Discord
07:47:15 28/07/2024 - info: Connected to Discord
07:47:35 28/07/2024 - info: Connected to Discord
07:47:43 28/07/2024 - info: Connected to Discord
07:47:51 28/07/2024 - info: Connected to Discord
07:47:56 28/07/2024 - info: Connected to Discord
07:48:02 28/07/2024 - info: Connected to Discord
07:48:16 28/07/2024 - info: Connected to Discord
07:48:28 28/07/2024 - info: Connected to Discord
07:49:43 28/07/2024 - info: Connected to Discord
07:49:58 28/07/2024 - info: Connected to Discord
07:50:01 28/07/2024 - info: Connected to Discord
07:50:06 28/07/2024 - info: Connected to Discord
07:50:12 28/07/2024 - info: Connected to Discord
07:50:17 28/07/2024 - info: Connected to Discord
07:50:20 28/07/2024 - info: Connected to Discord
07:50:28 28/07/2024 - info: Connected to Discord
07:50:31 28/07/2024 - info: Connected to Discord
07:50:37 28/07/2024 - info: Connected to Discord
07:50:39 28/07/2024 - info: Connected to Discord
07:50:46 28/07/2024 - info: Connected to Discord
07:50:52 28/07/2024 - info: Connected to Discord
07:50:57 28/07/2024 - info: Connected to Discord
07:51:00 28/07/2024 - info: Connected to Discord
07:51:06 28/07/2024 - info: Connected to Discord
07:51:22 28/07/2024 - info: Connected to Discord
07:51:30 28/07/2024 - info: Connected to Discord
07:51:40 28/07/2024 - info: Connected to Discord
07:52:36 28/07/2024 - info: Connected to Discord
07:52:49 28/07/2024 - info: Connected to Discord
07:54:38 28/07/2024 - info: Client already connected
07:54:40 28/07/2024 - info: Invite code for the new guild: https://discord.gg/TCPGgGz385
07:54:40 28/07/2024 - info: Client already connected
07:54:59 28/07/2024 - info: New member joined: rangotengo
07:55:00 28/07/2024 - info: Guild not found
07:55:24 28/07/2024 - info: Client already connected
07:55:25 28/07/2024 - info: Client already connected
07:55:26 28/07/2024 - info: Client already connected
07:55:26 28/07/2024 - info: Client already connected
07:55:40 28/07/2024 - info: Client already connected
07:57:21 28/07/2024 - info: Connected to Discord
07:57:32 28/07/2024 - error: Error processing data for fasdffsdf: findOrCreateGuild is not defined
07:57:36 28/07/2024 - info: Connected to Discord
07:58:09 28/07/2024 - info: Connected to Discord
07:58:12 28/07/2024 - info: Data imported successfully
07:58:32 28/07/2024 - info: Connected to Discord
07:58:43 28/07/2024 - info: New member joined: rangotengo
07:58:43 28/07/2024 - info: Role Player not found in the guild
07:58:43 28/07/2024 - info: Role DRS Gaming not found in the guild
08:00:25 28/07/2024 - info: Connected to Discord
08:00:50 28/07/2024 - info: Connected to Discord
08:00:56 28/07/2024 - info: Connected to Discord
08:01:01 28/07/2024 - info: Connected to Discord
08:01:05 28/07/2024 - info: Connected to Discord
08:01:15 28/07/2024 - info: Connected to Discord
08:01:18 28/07/2024 - info: Connected to Discord
08:01:29 28/07/2024 - info: Connected to Discord
08:01:40 28/07/2024 - info: Connected to Discord
08:01:57 28/07/2024 - info: New member joined: rangotengo
08:02:16 28/07/2024 - info: Connected to Discord
08:02:22 28/07/2024 - info: Connected to Discord
08:02:26 28/07/2024 - info: Connected to Discord
08:02:57 28/07/2024 - info: New member joined: rangotengo
08:02:58 28/07/2024 - info: There is no Ticket Category, creating Ticket Category
08:02:58 28/07/2024 - info: Ticket Category Created, now creating channel
08:02:59 28/07/2024 - info: Ticket Channel Created
08:12:06 28/07/2024 - info: Connected to Discord
08:21:18 28/07/2024 - info: Connected to Discord
08:21:21 28/07/2024 - info: Connected to Discord
08:21:30 28/07/2024 - info: Connected to Discord
08:21:36 28/07/2024 - info: Connected to Discord
08:22:07 28/07/2024 - info: Successfully registered application commands
08:25:56 28/07/2024 - info: Connected to Discord
08:26:10 28/07/2024 - info: Successfully registered application commands
11:23:21 29/07/2024 - info: Connected to Discord
11:23:23 29/07/2024 - info: Connected to Discord
11:24:00 29/07/2024 - info: Connected to Discord
11:24:05 29/07/2024 - info: Connected to Discord
11:24:22 29/07/2024 - info: Connected to Discord
11:25:16 29/07/2024 - info: Connected to Discord
11:25:22 29/07/2024 - info: Connected to Discord
11:25:52 29/07/2024 - info: Connected to Discord
11:26:26 29/07/2024 - info: Connected to Discord
11:26:45 29/07/2024 - info: Connected to Discord
11:27:26 29/07/2024 - info: Connected to Discord
11:27:34 29/07/2024 - info: Connected to Discord
11:27:47 29/07/2024 - info: Connected to Discord
11:28:01 29/07/2024 - info: Connected to Discord
11:28:07 29/07/2024 - info: Connected to Discord
11:28:09 29/07/2024 - info: Connected to Discord
11:28:23 29/07/2024 - info: Connected to Discord
11:28:57 29/07/2024 - info: Connected to Discord
11:32:27 29/07/2024 - info: Connected to Discord
11:32:40 29/07/2024 - info: Connected to Discord
11:32:45 29/07/2024 - info: Connected to Discord
11:33:01 29/07/2024 - info: Connected to Discord
11:33:04 29/07/2024 - info: Connected to Discord
11:33:14 29/07/2024 - info: Connected to Discord
11:33:30 29/07/2024 - info: Connected to Discord
11:34:01 29/07/2024 - info: Connected to Discord
11:34:30 29/07/2024 - info: Connected to Discord
11:34:43 29/07/2024 - info: Connected to Discord
11:35:06 29/07/2024 - info: Connected to Discord
11:39:37 29/07/2024 - info: Connected to Discord
11:39:40 29/07/2024 - info: Connected to Discord
11:48:57 29/07/2024 - info: Connected to Discord
11:49:27 29/07/2024 - info: Connected to Discord
11:50:39 29/07/2024 - info: Connected to Discord
11:50:43 29/07/2024 - info: Connected to Discord
11:50:52 29/07/2024 - info: Connected to Discord
11:51:03 29/07/2024 - info: Connected to Discord
11:51:09 29/07/2024 - info: Connected to Discord
11:51:44 29/07/2024 - info: Connected to Discord
11:51:46 29/07/2024 - info: Connected to Discord
11:51:52 29/07/2024 - info: Connected to Discord
11:52:08 29/07/2024 - info: Connected to Discord
11:52:11 29/07/2024 - info: Connected to Discord
11:52:20 29/07/2024 - info: Connected to Discord
11:52:59 29/07/2024 - info: Connected to Discord
11:53:41 29/07/2024 - info: Connected to Discord
11:54:17 29/07/2024 - info: Connected to Discord
11:54:23 29/07/2024 - info: Connected to Discord
11:54:26 29/07/2024 - info: Connected to Discord
11:54:28 29/07/2024 - info: Connected to Discord
11:55:38 29/07/2024 - info: Connected to Discord
11:55:42 29/07/2024 - info: Connected to Discord
11:59:30 29/07/2024 - info: Connected to Discord
12:00:11 29/07/2024 - info: Connected to Discord
12:01:47 29/07/2024 - info: Connected to Discord
12:02:07 29/07/2024 - info: Connected to Discord
12:02:13 29/07/2024 - info: Connected to Discord
12:39:49 29/07/2024 - info: Connected to Discord
12:39:56 29/07/2024 - info: Connected to Discord
12:40:09 29/07/2024 - info: Connected to Discord
12:40:12 29/07/2024 - info: Connected to Discord
12:41:15 29/07/2024 - info: Connected to Discord
12:41:19 29/07/2024 - info: Connected to Discord
12:41:47 29/07/2024 - info: Connected to Discord
12:43:45 29/07/2024 - info: Connected to Discord
12:44:03 29/07/2024 - info: Connected to Discord
12:44:13 29/07/2024 - info: Connected to Discord
12:46:05 29/07/2024 - info: Connected to Discord
12:46:08 29/07/2024 - info: Connected to Discord
12:46:16 29/07/2024 - info: Connected to Discord
12:48:05 29/07/2024 - info: Connected to Discord
12:48:58 29/07/2024 - info: Connected to Discord
12:49:02 29/07/2024 - error: Error sending email: private_key and client_email are required.
12:49:31 29/07/2024 - info: Connected to Discord
13:26:15 29/07/2024 - info: Connected to Discord
13:26:30 29/07/2024 - info: Connected to Discord
13:26:34 29/07/2024 - info: Connected to Discord
13:26:41 29/07/2024 - info: Connected to Discord
13:26:52 29/07/2024 - info: Connected to Discord
13:27:00 29/07/2024 - info: Connected to Discord
13:27:10 29/07/2024 - info: Connected to Discord
13:27:44 29/07/2024 - info: Connected to Discord
13:31:20 29/07/2024 - info: Connected to Discord
13:31:22 29/07/2024 - info: Connected to Discord
13:31:39 29/07/2024 - info: Connected to Discord
13:31:55 29/07/2024 - info: Connected to Discord
13:32:00 29/07/2024 - info: Connected to Discord
13:32:04 29/07/2024 - info: Connected to Discord
13:32:26 29/07/2024 - info: Connected to Discord
13:32:31 29/07/2024 - info: Connected to Discord
13:32:37 29/07/2024 - info: Connected to Discord
13:32:44 29/07/2024 - info: Connected to Discord
13:32:48 29/07/2024 - info: Connected to Discord
13:33:15 29/07/2024 - info: Connected to Discord
13:34:23 29/07/2024 - info: Connected to Discord
13:36:22 29/07/2024 - info: Connected to Discord
13:45:31 29/07/2024 - info: Connected to Discord
13:45:39 29/07/2024 - info: Connected to Discord
13:45:52 29/07/2024 - info: Connected to Discord
13:46:13 29/07/2024 - info: Mail successfully sent to: crestha409@gmail.com, Subject: OTP for Discord Verification, Message: Your OTP for Discord Verification is: 739411
13:47:29 29/07/2024 - info: Connected to Discord
13:47:56 29/07/2024 - info: Connected to Discord
13:48:01 29/07/2024 - info: Connected to Discord
15:43:38 29/07/2024 - info: Connected to Discord
15:43:47 29/07/2024 - info: Connected to Discord
15:44:56 29/07/2024 - info: Connected to Discord
15:45:11 29/07/2024 - info: Connected to Discord
15:45:16 29/07/2024 - info: Connected to Discord
15:45:21 29/07/2024 - info: Connected to Discord
15:45:27 29/07/2024 - info: Connected to Discord
15:46:16 29/07/2024 - info: Connected to Discord
15:46:41 29/07/2024 - info: Mail successfully sent to: crestha409@gmail.com, Subject: OTP for Discord Verification, Message: Your OTP for Discord Verification is: 230052
15:48:05 29/07/2024 - info: Connected to Discord
15:48:16 29/07/2024 - info: Connected to Discord
15:48:22 29/07/2024 - info: Exceeded maximum number of attempts
15:49:16 29/07/2024 - info: Exceeded maximum number of attempts
16:38:06 29/07/2024 - info: Connected to Discord
16:38:15 29/07/2024 - info: Connected to Discord
16:38:29 29/07/2024 - info: Connected to Discord
16:38:33 29/07/2024 - info: Connected to Discord
11:50:08 30/07/2024 - info: Connected to Discord
11:50:20 30/07/2024 - info: Connected to Discord
11:50:26 30/07/2024 - info: Connected to Discord
11:50:32 30/07/2024 - info: Connected to Discord
11:50:38 30/07/2024 - info: Connected to Discord
11:50:56 30/07/2024 - info: Connected to Discord
11:51:02 30/07/2024 - info: Connected to Discord
11:51:12 30/07/2024 - info: Connected to Discord
12:06:06 30/07/2024 - info: Connected to Discord
12:06:11 30/07/2024 - info: Connected to Discord
12:07:01 30/07/2024 - info: Connected to Discord
12:07:05 30/07/2024 - info: Connected to Discord
12:07:09 30/07/2024 - info: Connected to Discord
12:07:11 30/07/2024 - info: Connected to Discord
12:07:23 30/07/2024 - info: Connected to Discord
12:10:48 30/07/2024 - info: Connected to Discord
16:13:33 30/07/2024 - info: Connected to Discord
16:13:36 30/07/2024 - info: Connected to Discord
16:13:43 30/07/2024 - info: Connected to Discord
16:13:46 30/07/2024 - info: Connected to Discord
16:14:09 30/07/2024 - info: Client already connected
16:14:10 30/07/2024 - info: Client already connected
16:14:12 30/07/2024 - info: Client already connected
16:14:12 30/07/2024 - info: Client already connected
16:14:26 30/07/2024 - info: Client already connected
16:17:52 30/07/2024 - info: Connected to Discord
16:19:36 30/07/2024 - info: Connected to Discord
16:25:42 30/07/2024 - info: Data imported successfully
16:26:48 30/07/2024 - info: Data imported successfully
16:27:17 30/07/2024 - info: Client already connected
16:27:50 30/07/2024 - info: Client already connected
16:27:50 30/07/2024 - info: Client already connected
16:27:51 30/07/2024 - info: Client already connected
16:27:51 30/07/2024 - info: Client already connected
16:27:52 30/07/2024 - info: Client already connected
16:28:46 30/07/2024 - info: Client already connected
16:28:57 30/07/2024 - info: Client already connected
16:28:58 30/07/2024 - info: Role created: HORAA Esports
16:28:58 30/07/2024 - info: Channel created: horaa-esports
16:28:59 30/07/2024 - info: Role created: DRS Gaming
16:28:59 30/07/2024 - info: Channel created: drs-gaming
16:29:00 30/07/2024 - info: Role created: Stalwart Esports
16:29:00 30/07/2024 - info: Channel created: stalwart-esports
16:29:00 30/07/2024 - info: Client already connected
16:29:59 30/07/2024 - info: Client already connected
16:30:05 30/07/2024 - info: Client already connected
16:30:05 30/07/2024 - info: Channel created: horaa-esports
16:30:06 30/07/2024 - info: Channel created: drs-gaming
16:30:06 30/07/2024 - info: Channel created: stalwart-esports
16:30:06 30/07/2024 - info: Client already connected
16:31:08 30/07/2024 - info: New member joined: p0tat0000
16:31:09 30/07/2024 - info: Ticket Channel Created
16:32:19 30/07/2024 - info: New member joined: yamaftw
16:32:20 30/07/2024 - info: Ticket Channel Created
16:32:26 30/07/2024 - info: Mail successfully sent to: parkash.sapkota@nodwin.com, Subject: OTP for Discord Verification, Message: Your OTP for Discord Verification is: 439708
16:32:47 30/07/2024 - info: Role Player added to p0tat0000
16:32:48 30/07/2024 - info: Role Stalwart Esports added to p0tat0000
16:32:48 30/07/2024 - info: User p0tat0000 verified successfully
16:33:56 30/07/2024 - info: New member joined: eagle699
16:33:57 30/07/2024 - info: Ticket Channel Created
16:34:10 30/07/2024 - info: Connected to Discord
16:36:25 30/07/2024 - info: Connected to Discord
16:36:31 30/07/2024 - info: Connected to Discord
16:36:35 30/07/2024 - info: Connected to Discord
16:38:00 30/07/2024 - info: Connected to Discord
16:38:09 30/07/2024 - info: Connected to Discord
16:40:06 30/07/2024 - info: New member joined: yamaftw
16:40:07 30/07/2024 - info: Ticket Channel Created
16:42:45 30/07/2024 - info: Connected to Discord
16:43:28 30/07/2024 - info: New member joined: yamaftw
16:43:29 30/07/2024 - info: Role Player added to yamaftw
16:43:29 30/07/2024 - info: Role Owner added to yamaftw
16:43:30 30/07/2024 - info: Role DRS Gaming added to yamaftw
16:44:16 30/07/2024 - info: New member joined: nonpareilcharlie
16:44:17 30/07/2024 - info: Ticket Channel Created
16:45:16 30/07/2024 - info: Mail successfully sent to: umeshbudthapa55@gmail.com, Subject: OTP for Discord Verification, Message: Your OTP for Discord Verification is: 473989
16:51:20 30/07/2024 - info: Connected to Discord
16:51:25 30/07/2024 - info: Connected to Discord
16:52:40 30/07/2024 - info: Mail successfully sent to: umeshbudthapa55@gmail.com, Subject: OTP for Discord Verification, Message: Your OTP for Discord Verification is: 793490
16:53:15 30/07/2024 - info: Google API access token expired. Refreshing token.
16:53:16 30/07/2024 - info: Mail successfully sent to: umeshbudthapa55@gmail.com, Subject: OTP for Discord Verification, Message: Your OTP for Discord Verification is: 334985
16:53:47 30/07/2024 - info: umeshbudthapa55@gmail.com Exceeded maximum number of attempts
16:55:24 30/07/2024 - info: Connected to Discord
16:55:27 30/07/2024 - info: Connected to Discord
16:55:35 30/07/2024 - info: Connected to Discord
16:55:40 30/07/2024 - info: Connected to Discord
16:55:49 30/07/2024 - info: Connected to Discord
16:55:52 30/07/2024 - info: Connected to Discord
16:55:55 30/07/2024 - info: Connected to Discord
16:56:01 30/07/2024 - info: Connected to Discord
16:56:09 30/07/2024 - info: Connected to Discord
16:57:34 30/07/2024 - info: Connected to Discord
16:58:03 30/07/2024 - info: Connected to Discord
16:59:05 30/07/2024 - info: Connected to Discord
17:02:36 30/07/2024 - info: Connected to Discord
17:02:46 30/07/2024 - info: Connected to Discord
17:02:54 30/07/2024 - info: Connected to Discord
17:02:59 30/07/2024 - info: Connected to Discord
17:03:04 30/07/2024 - info: Connected to Discord
17:03:10 30/07/2024 - info: Connected to Discord
17:04:45 30/07/2024 - info: Connected to Discord
17:04:47 30/07/2024 - info: Connected to Discord
17:04:50 30/07/2024 - info: Connected to Discord
17:05:00 30/07/2024 - info: Connected to Discord
17:05:05 30/07/2024 - info: Connected to Discord
17:05:41 30/07/2024 - info: New member joined: p0tat0000
17:05:42 30/07/2024 - info: Role Player added to p0tat0000
17:05:43 30/07/2024 - info: Role Stalwart Esports added to p0tat0000
17:06:19 30/07/2024 - info: Connected to Discord
17:06:30 30/07/2024 - info: Connected to Discord
17:06:57 30/07/2024 - info: Connected to Discord
17:07:07 30/07/2024 - info: Connected to Discord
17:07:12 30/07/2024 - info: Connected to Discord
17:07:15 30/07/2024 - info: Connected to Discord
17:07:25 30/07/2024 - info: Connected to Discord
17:07:47 30/07/2024 - info: Connected to Discord
17:07:49 30/07/2024 - info: Connected to Discord
17:08:15 30/07/2024 - info: Connected to Discord
17:08:26 30/07/2024 - info: Connected to Discord
17:08:30 30/07/2024 - info: Connected to Discord
17:08:36 30/07/2024 - info: Connected to Discord
17:08:46 30/07/2024 - info: Connected to Discord
17:09:05 30/07/2024 - info: Connected to Discord
17:09:08 30/07/2024 - info: Connected to Discord
17:10:02 30/07/2024 - info: Connected to Discord
17:10:36 30/07/2024 - info: Connected to Discord
17:10:52 30/07/2024 - info: Connected to Discord
17:10:59 30/07/2024 - info: Successfully registered application commands
17:11:02 30/07/2024 - info: Connected to Discord
17:12:39 30/07/2024 - info: Connected to Discord
17:13:49 30/07/2024 - info: Connected to Discord
17:13:53 30/07/2024 - info: Successfully registered application commands
17:14:26 30/07/2024 - info: Connected to Discord
17:15:44 30/07/2024 - info: Connected to Discord
17:15:58 30/07/2024 - info: Connected to Discord
18:22:28 30/07/2024 - info: Connected to Discord
18:22:35 30/07/2024 - info: Connected to Discord
18:22:41 30/07/2024 - info: Connected to Discord
18:22:46 30/07/2024 - info: Connected to Discord
18:22:54 30/07/2024 - info: Connected to Discord
18:23:17 30/07/2024 - info: Connected to Discord
18:23:28 30/07/2024 - info: Connected to Discord
18:23:32 30/07/2024 - info: Connected to Discord
18:23:34 30/07/2024 - info: Connected to Discord
18:23:45 30/07/2024 - info: Connected to Discord
18:23:56 30/07/2024 - info: Connected to Discord
18:24:01 30/07/2024 - info: Connected to Discord
18:24:05 30/07/2024 - info: Connected to Discord
18:24:18 30/07/2024 - info: Connected to Discord
18:24:22 30/07/2024 - info: Connected to Discord
18:24:42 30/07/2024 - info: Connected to Discord
18:25:44 30/07/2024 - info: Connected to Discord
18:28:22 30/07/2024 - info: Connected to Discord
18:28:56 30/07/2024 - info: Connected to Discord
18:29:02 30/07/2024 - info: Connected to Discord
18:29:09 30/07/2024 - info: Connected to Discord
18:29:13 30/07/2024 - info: Connected to Discord
18:29:17 30/07/2024 - info: Connected to Discord
18:29:21 30/07/2024 - info: Connected to Discord
18:29:41 30/07/2024 - info: Connected to Discord
18:29:47 30/07/2024 - info: Connected to Discord
18:29:56 30/07/2024 - info: Connected to Discord
18:30:16 30/07/2024 - info: Connected to Discord
18:30:24 30/07/2024 - info: Connected to Discord
18:30:29 30/07/2024 - info: Connected to Discord
18:30:34 30/07/2024 - info: Connected to Discord
18:31:45 30/07/2024 - info: Connected to Discord
18:31:49 30/07/2024 - info: Connected to Discord
18:31:54 30/07/2024 - info: Connected to Discord
18:32:04 30/07/2024 - info: Connected to Discord
18:32:30 30/07/2024 - info: Connected to Discord
18:42:43 30/07/2024 - info: Connected to Discord
18:42:53 30/07/2024 - info: Connected to Discord
18:42:58 30/07/2024 - info: Connected to Discord
18:45:06 30/07/2024 - info: Connected to Discord
18:45:12 30/07/2024 - info: Connected to Discord
18:45:28 30/07/2024 - info: Connected to Discord
18:51:11 30/07/2024 - info: Connected to Discord
18:51:22 30/07/2024 - info: Connected to Discord
18:52:23 30/07/2024 - info: Connected to Discord
18:52:33 30/07/2024 - info: Connected to Discord
18:52:41 30/07/2024 - info: Connected to Discord
18:53:29 30/07/2024 - info: Connected to Discord
18:53:38 30/07/2024 - info: Connected to Discord
18:53:59 30/07/2024 - info: Connected to Discord
18:54:13 30/07/2024 - info: Connected to Discord
18:54:17 30/07/2024 - info: Connected to Discord
18:54:28 30/07/2024 - info: Connected to Discord
18:55:21 30/07/2024 - info: Connected to Discord
18:56:06 30/07/2024 - info: Connected to Discord
18:56:27 30/07/2024 - info: Connected to Discord
18:56:57 30/07/2024 - info: Connected to Discord
18:57:06 30/07/2024 - info: Connected to Discord
18:57:29 30/07/2024 - info: Connected to Discord
18:57:59 30/07/2024 - info: Connected to Discord
19:12:00 30/07/2024 - info: Connected to Discord
19:12:02 30/07/2024 - info: Connected to Discord
19:12:08 30/07/2024 - info: Connected to Discord
19:12:15 30/07/2024 - info: Connected to Discord
19:12:21 30/07/2024 - info: Connected to Discord
19:12:55 30/07/2024 - info: Connected to Discord
19:13:01 30/07/2024 - info: Connected to Discord
19:13:06 30/07/2024 - info: Connected to Discord
19:13:12 30/07/2024 - info: Connected to Discord
19:13:23 30/07/2024 - info: Connected to Discord
19:13:50 30/07/2024 - info: Connected to Discord
19:13:58 30/07/2024 - info: Connected to Discord
19:14:15 30/07/2024 - info: Connected to Discord
19:14:20 30/07/2024 - info: Connected to Discord
19:14:22 30/07/2024 - info: Connected to Discord
19:14:27 30/07/2024 - info: Connected to Discord
19:14:33 30/07/2024 - info: Connected to Discord
19:14:56 30/07/2024 - info: Connected to Discord
19:14:59 30/07/2024 - info: Connected to Discord
19:15:05 30/07/2024 - info: Connected to Discord
19:15:08 30/07/2024 - info: Connected to Discord
19:15:16 30/07/2024 - info: Connected to Discord
19:15:21 30/07/2024 - info: Connected to Discord
19:15:27 30/07/2024 - info: Connected to Discord
19:15:43 30/07/2024 - info: Connected to Discord
19:15:50 30/07/2024 - info: Connected to Discord
19:16:45 30/07/2024 - info: Connected to Discord
19:16:58 30/07/2024 - info: Connected to Discord
19:17:02 30/07/2024 - info: Connected to Discord
19:17:07 30/07/2024 - info: Connected to Discord
19:17:09 30/07/2024 - info: Connected to Discord
19:17:12 30/07/2024 - info: Connected to Discord
19:17:18 30/07/2024 - info: Connected to Discord
19:17:33 30/07/2024 - info: Connected to Discord
19:17:57 30/07/2024 - info: Connected to Discord
19:18:09 30/07/2024 - info: Connected to Discord
19:18:12 30/07/2024 - info: Connected to Discord
19:18:23 30/07/2024 - info: Connected to Discord
19:18:30 30/07/2024 - info: Connected to Discord
19:19:00 30/07/2024 - info: Connected to Discord
19:19:16 30/07/2024 - info: Connected to Discord
19:19:30 30/07/2024 - info: Connected to Discord
19:19:39 30/07/2024 - info: Connected to Discord
19:19:43 30/07/2024 - info: Connected to Discord
19:20:00 30/07/2024 - info: Connected to Discord
19:20:13 30/07/2024 - info: Connected to Discord
19:20:31 30/07/2024 - info: Connected to Discord
19:20:48 30/07/2024 - info: Connected to Discord
19:20:54 30/07/2024 - info: Connected to Discord
19:21:07 30/07/2024 - info: Connected to Discord
19:21:18 30/07/2024 - info: Connected to Discord
19:21:31 30/07/2024 - info: Connected to Discord
19:22:09 30/07/2024 - info: Connected to Discord
19:22:26 30/07/2024 - info: Connected to Discord
19:22:31 30/07/2024 - info: Connected to Discord
19:22:35 30/07/2024 - info: Connected to Discord
19:22:43 30/07/2024 - info: Connected to Discord
19:23:07 30/07/2024 - info: Connected to Discord
19:23:13 30/07/2024 - info: Connected to Discord
19:23:58 30/07/2024 - info: Connected to Discord
19:34:44 30/07/2024 - info: Connected to Discord
19:34:59 30/07/2024 - info: Connected to Discord
19:35:08 30/07/2024 - info: Connected to Discord
19:35:11 30/07/2024 - info: Connected to Discord
19:35:21 30/07/2024 - info: Connected to Discord
19:36:07 30/07/2024 - info: Connected to Discord
19:36:20 30/07/2024 - info: Connected to Discord
19:36:33 30/07/2024 - info: Connected to Discord
19:37:01 30/07/2024 - info: Connected to Discord
19:37:18 30/07/2024 - info: Connected to Discord
19:37:23 30/07/2024 - info: Connected to Discord
19:37:57 30/07/2024 - info: Connected to Discord
19:38:00 30/07/2024 - info: Connected to Discord
09:47:14 31/07/2024 - info: Connected to Discord
09:47:18 31/07/2024 - info: Connected to Discord
09:47:21 31/07/2024 - info: Connected to Discord
09:47:30 31/07/2024 - info: Connected to Discord
09:47:51 31/07/2024 - info: Connected to Discord
09:48:19 31/07/2024 - info: Connected to Discord
09:48:31 31/07/2024 - info: Connected to Discord
